<?xml version="1.0" encoding="UTF-8"?>
<!-- Generated by org.testng.reporters.JUnitReportReporter -->
<testsuite hostname="TRNROOM10-29" name="com.qa.amazon.tests.VerifyKindleTest" tests="2" failures="0" timestamp="23 Sep 2019 13:01:00 GMT" time="32.899" errors="0">
  <testcase name="shopByCategoryclickTest" time="15.574" classname="com.qa.amazon.tests.VerifyKindleTest"/>
  <testcase name="verifyKindleTest" time="17.325" classname="com.qa.amazon.tests.VerifyKindleTest"/>
</testsuite> <!-- com.qa.amazon.tests.VerifyKindleTest -->
